  Parsing headers for ProjectPraeterEditor
    Running UnrealHeaderTool "C:\Users\hunte\Documents\Unreal Projects\ProjectPraeter\ProjectPraeter.uproject" "C:\Users\hunte\Documents\Unreal Projects\ProjectPraeter\Intermediate\Build\Win64\ProjectPraeterEditor\Development\ProjectPraeterEditor.uhtmanifest" -LogCmds="loginit warning, logexit warning, logdatabase error" -Unattended -WarningsAsErrors -abslog="C:\Users\hunte\AppData\Local\UnrealBuildTool\Log_UHT.txt" -installed
  Reflection code generated for ProjectPraeterEditor in 4.5576307 seconds
  Building ProjectPraeterEditor...
  Using Visual Studio 2019 14.28.29337 toolchain (C:\Program Files (x86)\Microsoft Visual Studio\2019\Community\VC\Tools\MSVC\14.28.29333) and Windows 10.0.18362.0 SDK (C:\Program Files (x86)\Windows Kits\10).
  Building 6 actions with 12 processes...
    [1/6] ProjectPraeter.init.gen.cpp
    [2/6] DefaultEnemy.cpp
C:\Users\hunte\Documents\Unreal Projects\ProjectPraeter\Source\ProjectPraeter\DefaultEnemy.h(58): warning C4263: 'void ADefaultEnemy::TakeDamage(void)': member function does not override any base class virtual member function
C:\Users\hunte\Documents\Unreal Projects\ProjectPraeter\Source\ProjectPraeter\DefaultEnemy.h(65): warning C4264: 'float APawn::TakeDamage(float,const FDamageEvent &,AController *,AActor *)': no override available for virtual member function from base 'APawn'; function is hidden
    C:\Program Files\Epic Games\UE_4.25\Engine\Source\Runtime\Engine\Classes\GameFramework/Pawn.h(247): note: see declaration of 'APawn::TakeDamage'
    C:\Program Files\Epic Games\UE_4.25\Engine\Intermediate\Build\Win64\UE4Editor\Inc\Engine\AnimInstance.generated.h(24): note: see declaration of 'APawn'
    [3/6] DefaultEnemy.gen.cpp
C:\Users\hunte\Documents\Unreal Projects\ProjectPraeter\Source\ProjectPraeter/DefaultEnemy.h(58): warning C4263: 'void ADefaultEnemy::TakeDamage(void)': member function does not override any base class virtual member function
C:\Users\hunte\Documents\Unreal Projects\ProjectPraeter\Source\ProjectPraeter/DefaultEnemy.h(65): warning C4264: 'float APawn::TakeDamage(float,const FDamageEvent &,AController *,AActor *)': no override available for virtual member function from base 'APawn'; function is hidden
    C:\Program Files\Epic Games\UE_4.25\Engine\Source\Runtime\Engine\Classes\GameFramework/Pawn.h(247): note: see declaration of 'APawn::TakeDamage'
    C:\Program Files\Epic Games\UE_4.25\Engine\Intermediate\Build\Win64\UE4Editor\Inc\Engine\AnimInstance.generated.h(24): note: see declaration of 'APawn'
    [4/6] UE4Editor-ProjectPraeter-0175.lib
       Creating library C:\Users\hunte\Documents\Unreal Projects\ProjectPraeter\Intermediate\Build\Win64\UE4Editor\Development\ProjectPraeter\UE4Editor-ProjectPraeter-0175.lib and object C:\Users\hunte\Documents\Unreal Projects\ProjectPraeter\Intermediate\Build\Win64\UE4Editor\Development\ProjectPraeter\UE4Editor-ProjectPraeter-0175.exp
    [5/6] UE4Editor-ProjectPraeter-0175.dll
       Creating library C:\Users\hunte\Documents\Unreal Projects\ProjectPraeter\Intermediate\Build\Win64\UE4Editor\Development\ProjectPraeter\UE4Editor-ProjectPraeter-0175.suppressed.lib and object C:\Users\hunte\Documents\Unreal Projects\ProjectPraeter\Intermediate\Build\Win64\UE4Editor\Development\ProjectPraeter\UE4Editor-ProjectPraeter-0175.suppressed.exp
    [6/6] ProjectPraeterEditor.target
  Total time in Parallel executor: 1.15 seconds
  Total execution time: 6.21 seconds
